\BOOKMARK [1][-]{section.1}{Cover Page}{}% 1
\BOOKMARK [1][-]{section.2}{Abstract}{}% 2
\BOOKMARK [1][-]{section.3}{Functional Requirements}{}% 3
\BOOKMARK [2][-]{subsection.3.1}{Main Use Case}{section.3}% 4
\BOOKMARK [3][-]{subsubsection.3.1.1}{Actors}{subsection.3.1}% 5
\BOOKMARK [3][-]{subsubsection.3.1.2}{Preconditions}{subsection.3.1}% 6
\BOOKMARK [3][-]{subsubsection.3.1.3}{Postconditions}{subsection.3.1}% 7
\BOOKMARK [3][-]{subsubsection.3.1.4}{Main Scenario}{subsection.3.1}% 8
\BOOKMARK [3][-]{subsubsection.3.1.5}{Alternative Scenarios}{subsection.3.1}% 9
\BOOKMARK [1][-]{section.4}{Non-Functional Requirements}{}% 10
\BOOKMARK [2][-]{subsection.4.1}{Usability}{section.4}% 11
\BOOKMARK [2][-]{subsection.4.2}{Reliability}{section.4}% 12
\BOOKMARK [2][-]{subsection.4.3}{Performance requirements}{section.4}% 13
\BOOKMARK [2][-]{subsection.4.4}{Supportability}{section.4}% 14
\BOOKMARK [2][-]{subsection.4.5}{Implementation}{section.4}% 15
\BOOKMARK [2][-]{subsection.4.6}{Environmental}{section.4}% 16
\BOOKMARK [1][-]{section.5}{Architecture Design}{}% 17
\BOOKMARK [1][-]{section.6}{Module Design}{}% 18
\BOOKMARK [2][-]{subsection.6.1}{InputControls}{section.6}% 19
\BOOKMARK [3][-]{subsubsection.6.1.1}{Description}{subsection.6.1}% 20
\BOOKMARK [3][-]{subsubsection.6.1.2}{Provided Interface}{subsection.6.1}% 21
\BOOKMARK [3][-]{subsubsection.6.1.3}{Required Interface}{subsection.6.1}% 22
\BOOKMARK [2][-]{subsection.6.2}{GameWorld}{section.6}% 23
\BOOKMARK [3][-]{subsubsection.6.2.1}{Description}{subsection.6.2}% 24
\BOOKMARK [3][-]{subsubsection.6.2.2}{Provided Interface}{subsection.6.2}% 25
\BOOKMARK [3][-]{subsubsection.6.2.3}{Required Interface}{subsection.6.2}% 26
\BOOKMARK [2][-]{subsection.6.3}{Network}{section.6}% 27
\BOOKMARK [3][-]{subsubsection.6.3.1}{Description}{subsection.6.3}% 28
\BOOKMARK [3][-]{subsubsection.6.3.2}{Provided Interface}{subsection.6.3}% 29
\BOOKMARK [3][-]{subsubsection.6.3.3}{Required Interface}{subsection.6.3}% 30
\BOOKMARK [1][-]{section.7}{Implementation Description}{}% 31
\BOOKMARK [2][-]{subsection.7.1}{Source Code Location}{section.7}% 32
\BOOKMARK [2][-]{subsection.7.2}{Installation Instructions}{section.7}% 33
\BOOKMARK [2][-]{subsection.7.3}{Detailed Code Style Guide}{section.7}% 34
\BOOKMARK [2][-]{subsection.7.4}{Class Diagram}{section.7}% 35
\BOOKMARK [2][-]{subsection.7.5}{Code Walkthrough}{section.7}% 36
\BOOKMARK [1][-]{section.8}{Testing Details}{}% 37
\BOOKMARK [1][-]{section.9}{Development Procedures}{}% 38
\BOOKMARK [2][-]{subsubsection.9.0.1}{Robin Animation and Graphics}{section.9}% 39
\BOOKMARK [3][-]{subsubsection.9.0.2}{Etan Gameworld Tiles, Usability of Interface}{subsubsection.9.0.1}% 40
\BOOKMARK [3][-]{subsubsection.9.0.3}{Nick Turrets, Minions, and Artificial Intelligence}{subsubsection.9.0.1}% 41
\BOOKMARK [3][-]{subsubsection.9.0.4}{Dan Network Interface, Character Movement}{subsubsection.9.0.1}% 42
\BOOKMARK [3][-]{subsubsection.9.0.5}{Chris Main Menu Rotation, Gameworld Items}{subsubsection.9.0.1}% 43
\BOOKMARK [1][-]{section.10}{Reflections}{}% 44
\BOOKMARK [1][-]{section.11}{Glossary and References}{}% 45
